CPPFLAGS: -D_FORTIFY_SOURCE=0 -D__USE_MINGW_ANSI_STDIO=1
CFLAGS: -mthreads -mtune=generic -O2 -pipe
CXXFLAGS: -mthreads -mtune=generic -O2 -pipe
LDFLAGS: -pipe -static-libgcc -static-libstdc++
vcs_fetch 
++ git rev-parse --git-dir
+ [[ -f .git/shallow ]]
+ unshallow=
+ git fetch --all -Ppft
Fetching origin
From https://github.com/Leo-van-Stee/FFmpeg
 - [deleted]               (none)     -> N
 - [deleted]               (none)     -> ffmpeg-0.6.3
 - [deleted]               (none)     -> n0.10
 - [deleted]               (none)     -> n0.10.1
 - [deleted]               (none)     -> n0.10.10
 - [deleted]               (none)     -> n0.10.11
 - [deleted]               (none)     -> n0.10.12
 - [deleted]               (none)     -> n0.10.13
 - [deleted]               (none)     -> n0.10.14
 - [deleted]               (none)     -> n0.10.15
 - [deleted]               (none)     -> n0.10.16
 - [deleted]               (none)     -> n0.10.2
 - [deleted]               (none)     -> n0.10.3
 - [deleted]               (none)     -> n0.10.4
 - [deleted]               (none)     -> n0.10.5
 - [deleted]               (none)     -> n0.10.6
 - [deleted]               (none)     -> n0.10.7
 - [deleted]               (none)     -> n0.10.8
 - [deleted]               (none)     -> n0.10.9
 - [deleted]               (none)     -> n0.11
 - [deleted]               (none)     -> n0.11-dev
 - [deleted]               (none)     -> n0.11.1
 - [deleted]               (none)     -> n0.11.2
 - [deleted]               (none)     -> n0.11.3
 - [deleted]               (none)     -> n0.11.4
 - [deleted]               (none)     -> n0.11.5
 - [deleted]               (none)     -> n0.12-dev
 - [deleted]               (none)     -> n0.5.10
 - [deleted]               (none)     -> n0.5.11
 - [deleted]               (none)     -> n0.5.12
 - [deleted]               (none)     -> n0.5.13
 - [deleted]               (none)     -> n0.5.14
 - [deleted]               (none)     -> n0.5.15
 - [deleted]               (none)     -> n0.5.5
 - [deleted]               (none)     -> n0.5.6
 - [deleted]               (none)     -> n0.5.7
 - [deleted]               (none)     -> n0.5.8
 - [deleted]               (none)     -> n0.5.9
 - [deleted]               (none)     -> n0.6.4
 - [deleted]               (none)     -> n0.6.5
 - [deleted]               (none)     -> n0.6.6
 - [deleted]               (none)     -> n0.6.7
 - [deleted]               (none)     -> n0.7.1
 - [deleted]               (none)     -> n0.7.10
 - [deleted]               (none)     -> n0.7.11
 - [deleted]               (none)     -> n0.7.12
 - [deleted]               (none)     -> n0.7.13
 - [deleted]               (none)     -> n0.7.14
 - [deleted]               (none)     -> n0.7.15
 - [deleted]               (none)     -> n0.7.16
 - [deleted]               (none)     -> n0.7.17
 - [deleted]               (none)     -> n0.7.2
 - [deleted]               (none)     -> n0.7.3
 - [deleted]               (none)     -> n0.7.4
 - [deleted]               (none)     -> n0.7.5
 - [deleted]               (none)     -> n0.7.6
 - [deleted]               (none)     -> n0.7.7
 - [deleted]               (none)     -> n0.7.8
 - [deleted]               (none)     -> n0.7.9
 - [deleted]               (none)     -> n0.8
 - [deleted]               (none)     -> n0.8.1
 - [deleted]               (none)     -> n0.8.10
 - [deleted]               (none)     -> n0.8.11
 - [deleted]               (none)     -> n0.8.12
 - [deleted]               (none)     -> n0.8.13
 - [deleted]               (none)     -> n0.8.14
 - [deleted]               (none)     -> n0.8.15
 - [deleted]               (none)     -> n0.8.2
 - [deleted]               (none)     -> n0.8.3
 - [deleted]               (none)     -> n0.8.4
 - [deleted]               (none)     -> n0.8.5
 - [deleted]               (none)     -> n0.8.6
 - [deleted]               (none)     -> n0.8.7
 - [deleted]               (none)     -> n0.8.8
 - [deleted]               (none)     -> n0.8.9
 - [deleted]               (none)     -> n0.9
 - [deleted]               (none)     -> n0.9.1
 - [deleted]               (none)     -> n0.9.2
 - [deleted]               (none)     -> n0.9.3
 - [deleted]               (none)     -> n0.9.4
 - [deleted]               (none)     -> n1.0
 - [deleted]               (none)     -> n1.0.1
 - [deleted]               (none)     -> n1.0.10
 - [deleted]               (none)     -> n1.0.2
 - [deleted]               (none)     -> n1.0.3
 - [deleted]               (none)     -> n1.0.4
 - [deleted]               (none)     -> n1.0.5
 - [deleted]               (none)     -> n1.0.6
 - [deleted]               (none)     -> n1.0.7
 - [deleted]               (none)     -> n1.0.8
 - [deleted]               (none)     -> n1.0.9
 - [deleted]               (none)     -> n1.1
 - [deleted]               (none)     -> n1.1-dev
 - [deleted]               (none)     -> n1.1.1
 - [deleted]               (none)     -> n1.1.10
 - [deleted]               (none)     -> n1.1.11
 - [deleted]               (none)     -> n1.1.12
 - [deleted]               (none)     -> n1.1.13
 - [deleted]               (none)     -> n1.1.14
 - [deleted]               (none)     -> n1.1.15
 - [deleted]               (none)     -> n1.1.16
 - [deleted]               (none)     -> n1.1.2
 - [deleted]               (none)     -> n1.1.3
 - [deleted]               (none)     -> n1.1.4
 - [deleted]               (none)     -> n1.1.5
 - [deleted]               (none)     -> n1.1.6
 - [deleted]               (none)     -> n1.1.7
 - [deleted]               (none)     -> n1.1.8
 - [deleted]               (none)     -> n1.1.9
 - [deleted]               (none)     -> n1.2
 - [deleted]               (none)     -> n1.2-dev
 - [deleted]               (none)     -> n1.2.1
 - [deleted]               (none)     -> n1.2.10
 - [deleted]               (none)     -> n1.2.11
 - [deleted]               (none)     -> n1.2.12
 - [deleted]               (none)     -> n1.2.2
 - [deleted]               (none)     -> n1.2.3
 - [deleted]               (none)     -> n1.2.4
 - [deleted]               (none)     -> n1.2.5
 - [deleted]               (none)     -> n1.2.6
 - [deleted]               (none)     -> n1.2.7
 - [deleted]               (none)     -> n1.2.8
 - [deleted]               (none)     -> n1.2.9
 - [deleted]               (none)     -> n1.3-dev
 - [deleted]               (none)     -> n2.0
 - [deleted]               (none)     -> n2.0.1
 - [deleted]               (none)     -> n2.0.2
 - [deleted]               (none)     -> n2.0.3
 - [deleted]               (none)     -> n2.0.4
 - [deleted]               (none)     -> n2.0.5
 - [deleted]               (none)     -> n2.0.6
 - [deleted]               (none)     -> n2.0.7
 - [deleted]               (none)     -> n2.1
 - [deleted]               (none)     -> n2.1-dev
 - [deleted]               (none)     -> n2.1.1
 - [deleted]               (none)     -> n2.1.2
 - [deleted]               (none)     -> n2.1.3
 - [deleted]               (none)     -> n2.1.4
 - [deleted]               (none)     -> n2.1.5
 - [deleted]               (none)     -> n2.1.6
 - [deleted]               (none)     -> n2.1.7
 - [deleted]               (none)     -> n2.1.8
 - [deleted]               (none)     -> n2.2
 - [deleted]               (none)     -> n2.2-dev
 - [deleted]               (none)     -> n2.2-rc1
 - [deleted]               (none)     -> n2.2-rc2
 - [deleted]               (none)     -> n2.2.1
 - [deleted]               (none)     -> n2.2.10
 - [deleted]               (none)     -> n2.2.11
 - [deleted]               (none)     -> n2.2.12
 - [deleted]               (none)     -> n2.2.13
 - [deleted]               (none)     -> n2.2.14
 - [deleted]               (none)     -> n2.2.15
 - [deleted]               (none)     -> n2.2.16
 - [deleted]               (none)     -> n2.2.2
 - [deleted]               (none)     -> n2.2.3
 - [deleted]               (none)     -> n2.2.4
 - [deleted]               (none)     -> n2.2.5
 - [deleted]               (none)     -> n2.2.6
 - [deleted]               (none)     -> n2.2.7
 - [deleted]               (none)     -> n2.2.8
 - [deleted]               (none)     -> n2.2.9
 - [deleted]               (none)     -> n2.3
 - [deleted]               (none)     -> n2.3-dev
 - [deleted]               (none)     -> n2.3.1
 - [deleted]               (none)     -> n2.3.2
 - [deleted]               (none)     -> n2.3.3
 - [deleted]               (none)     -> n2.3.4
 - [deleted]               (none)     -> n2.3.5
 - [deleted]               (none)     -> n2.3.6
 - [deleted]               (none)     -> n2.4
 - [deleted]               (none)     -> n2.4-dev
 - [deleted]               (none)     -> n2.4.1
 - [deleted]               (none)     -> n2.4.10
 - [deleted]               (none)     -> n2.4.11
 - [deleted]               (none)     -> n2.4.12
 - [deleted]               (none)     -> n2.4.13
 - [deleted]               (none)     -> n2.4.14
 - [deleted]               (none)     -> n2.4.2
 - [deleted]               (none)     -> n2.4.3
 - [deleted]               (none)     -> n2.4.4
 - [deleted]               (none)     -> n2.4.5
 - [deleted]               (none)     -> n2.4.6
 - [deleted]               (none)     -> n2.4.7
 - [deleted]               (none)     -> n2.4.8
 - [deleted]               (none)     -> n2.4.9
 - [deleted]               (none)     -> n2.5
 - [deleted]               (none)     -> n2.5-dev
 - [deleted]               (none)     -> n2.5.1
 - [deleted]               (none)     -> n2.5.10
 - [deleted]               (none)     -> n2.5.11
 - [deleted]               (none)     -> n2.5.2
 - [deleted]               (none)     -> n2.5.3
 - [deleted]               (none)     -> n2.5.4
 - [deleted]               (none)     -> n2.5.5
 - [deleted]               (none)     -> n2.5.6
 - [deleted]               (none)     -> n2.5.7
 - [deleted]               (none)     -> n2.5.8
 - [deleted]               (none)     -> n2.5.9
 - [deleted]               (none)     -> n2.6
 - [deleted]               (none)     -> n2.6-dev
 - [deleted]               (none)     -> n2.6.1
 - [deleted]               (none)     -> n2.6.2
 - [deleted]               (none)     -> n2.6.3
 - [deleted]               (none)     -> n2.6.4
 - [deleted]               (none)     -> n2.6.5
 - [deleted]               (none)     -> n2.6.6
 - [deleted]               (none)     -> n2.6.7
 - [deleted]               (none)     -> n2.6.8
 - [deleted]               (none)     -> n2.6.9
 - [deleted]               (none)     -> n2.7
 - [deleted]               (none)     -> n2.7-dev
 - [deleted]               (none)     -> n2.7.1
 - [deleted]               (none)     -> n2.7.2
 - [deleted]               (none)     -> n2.7.3
 - [deleted]               (none)     -> n2.7.4
 - [deleted]               (none)     -> n2.7.5
 - [deleted]               (none)     -> n2.7.6
 - [deleted]               (none)     -> n2.7.7
 - [deleted]               (none)     -> n2.8
 - [deleted]               (none)     -> n2.8-dev
 - [deleted]               (none)     -> n2.8.1
 - [deleted]               (none)     -> n2.8.10
 - [deleted]               (none)     -> n2.8.11
 - [deleted]               (none)     -> n2.8.12
 - [deleted]               (none)     -> n2.8.13
 - [deleted]               (none)     -> n2.8.14
 - [deleted]               (none)     -> n2.8.15
 - [deleted]               (none)     -> n2.8.16
 - [deleted]               (none)     -> n2.8.17
 - [deleted]               (none)     -> n2.8.18
 - [deleted]               (none)     -> n2.8.19
 - [deleted]               (none)     -> n2.8.2
 - [deleted]               (none)     -> n2.8.20
 - [deleted]               (none)     -> n2.8.21
 - [deleted]               (none)     -> n2.8.3
 - [deleted]               (none)     -> n2.8.4
 - [deleted]               (none)     -> n2.8.5
 - [deleted]               (none)     -> n2.8.6
 - [deleted]               (none)     -> n2.8.7
 - [deleted]               (none)     -> n2.8.8
 - [deleted]               (none)     -> n2.8.9
 - [deleted]               (none)     -> n2.9-dev
 - [deleted]               (none)     -> n3.0
 - [deleted]               (none)     -> n3.0.1
 - [deleted]               (none)     -> n3.0.10
 - [deleted]               (none)     -> n3.0.11
 - [deleted]               (none)     -> n3.0.12
 - [deleted]               (none)     -> n3.0.2
 - [deleted]               (none)     -> n3.0.3
 - [deleted]               (none)     -> n3.0.4
 - [deleted]               (none)     -> n3.0.5
 - [deleted]               (none)     -> n3.0.6
 - [deleted]               (none)     -> n3.0.7
 - [deleted]               (none)     -> n3.0.8
 - [deleted]               (none)     -> n3.0.9
 - [deleted]               (none)     -> n3.1
 - [deleted]               (none)     -> n3.1-dev
 - [deleted]               (none)     -> n3.1.1
 - [deleted]               (none)     -> n3.1.10
 - [deleted]               (none)     -> n3.1.11
 - [deleted]               (none)     -> n3.1.2
 - [deleted]               (none)     -> n3.1.3
 - [deleted]               (none)     -> n3.1.4
 - [deleted]               (none)     -> n3.1.5
 - [deleted]               (none)     -> n3.1.6
 - [deleted]               (none)     -> n3.1.7
 - [deleted]               (none)     -> n3.1.8
 - [deleted]               (none)     -> n3.1.9
 - [deleted]               (none)     -> n3.2
 - [deleted]               (none)     -> n3.2-dev
 - [deleted]               (none)     -> n3.2.1
 - [deleted]               (none)     -> n3.2.10
 - [deleted]               (none)     -> n3.2.11
 - [deleted]               (none)     -> n3.2.12
 - [deleted]               (none)     -> n3.2.13
 - [deleted]               (none)     -> n3.2.14
 - [deleted]               (none)     -> n3.2.15
 - [deleted]               (none)     -> n3.2.16
 - [deleted]               (none)     -> n3.2.17
 - [deleted]               (none)     -> n3.2.18
 - [deleted]               (none)     -> n3.2.19
 - [deleted]               (none)     -> n3.2.2
 - [deleted]               (none)     -> n3.2.3
 - [deleted]               (none)     -> n3.2.4
 - [deleted]               (none)     -> n3.2.5
 - [deleted]               (none)     -> n3.2.6
 - [deleted]               (none)     -> n3.2.7
 - [deleted]               (none)     -> n3.2.8
 - [deleted]               (none)     -> n3.2.9
 - [deleted]               (none)     -> n3.3
 - [deleted]               (none)     -> n3.3-dev
 - [deleted]               (none)     -> n3.3.1
 - [deleted]               (none)     -> n3.3.2
 - [deleted]               (none)     -> n3.3.3
 - [deleted]               (none)     -> n3.3.4
 - [deleted]               (none)     -> n3.3.5
 - [deleted]               (none)     -> n3.3.6
 - [deleted]               (none)     -> n3.3.7
 - [deleted]               (none)     -> n3.3.8
 - [deleted]               (none)     -> n3.3.9
 - [deleted]               (none)     -> n3.4
 - [deleted]               (none)     -> n3.4-dev
 - [deleted]               (none)     -> n3.4.1
 - [deleted]               (none)     -> n3.4.10
 - [deleted]               (none)     -> n3.4.11
 - [deleted]               (none)     -> n3.4.12
 - [deleted]               (none)     -> n3.4.2
 - [deleted]               (none)     -> n3.4.3
 - [deleted]               (none)     -> n3.4.4
 - [deleted]               (none)     -> n3.4.5
 - [deleted]               (none)     -> n3.4.6
 - [deleted]               (none)     -> n3.4.7
 - [deleted]               (none)     -> n3.4.8
 - [deleted]               (none)     -> n3.4.9
 - [deleted]               (none)     -> n3.5-dev
 - [deleted]               (none)     -> n4.0
 - [deleted]               (none)     -> n4.0.1
 - [deleted]               (none)     -> n4.0.2
 - [deleted]               (none)     -> n4.0.3
 - [deleted]               (none)     -> n4.0.4
 - [deleted]               (none)     -> n4.0.5
 - [deleted]               (none)     -> n4.0.6
 - [deleted]               (none)     -> n4.1
 - [deleted]               (none)     -> n4.1-dev
 - [deleted]               (none)     -> n4.1.1
 - [deleted]               (none)     -> n4.1.10
 - [deleted]               (none)     -> n4.1.2
 - [deleted]               (none)     -> n4.1.3
 - [deleted]               (none)     -> n4.1.4
 - [deleted]               (none)     -> n4.1.5
 - [deleted]               (none)     -> n4.1.6
 - [deleted]               (none)     -> n4.1.7
 - [deleted]               (none)     -> n4.1.8
 - [deleted]               (none)     -> n4.1.9
 - [deleted]               (none)     -> n4.2
 - [deleted]               (none)     -> n4.2-dev
 - [deleted]               (none)     -> n4.2.1
 - [deleted]               (none)     -> n4.2.2
 - [deleted]               (none)     -> n4.2.3
 - [deleted]               (none)     -> n4.2.4
 - [deleted]               (none)     -> n4.2.5
 - [deleted]               (none)     -> n4.2.6
 - [deleted]               (none)     -> n4.2.7
 - [deleted]               (none)     -> n4.2.8
 - [deleted]               (none)     -> n4.3
 - [deleted]               (none)     -> n4.3-dev
 - [deleted]               (none)     -> n4.3.1
 - [deleted]               (none)     -> n4.3.2
 - [deleted]               (none)     -> n4.3.3
 - [deleted]               (none)     -> n4.3.4
 - [deleted]               (none)     -> n4.3.5
 - [deleted]               (none)     -> n4.4
 - [deleted]               (none)     -> n4.4-dev
 - [deleted]               (none)     -> n4.4.1
 - [deleted]               (none)     -> n4.4.2
 - [deleted]               (none)     -> n4.4.3
 - [deleted]               (none)     -> n4.5-dev
 - [deleted]               (none)     -> n5.0
 - [deleted]               (none)     -> n5.0.1
 - [deleted]               (none)     -> n5.0.2
 - [deleted]               (none)     -> n5.1
 - [deleted]               (none)     -> n5.1-dev
 - [deleted]               (none)     -> n5.1.1
 - [deleted]               (none)     -> n5.1.2
 - [deleted]               (none)     -> n5.2-dev
 - [deleted]               (none)     -> v0.5
 - [deleted]               (none)     -> v0.5.1
 - [deleted]               (none)     -> v0.5.2
 - [deleted]               (none)     -> v0.5.3
 - [deleted]               (none)     -> v0.6
 - [deleted]               (none)     -> v0.6.1
Fetching upstream
From https://github.com/FFmpeg/FFmpeg
 * [new tag]               N            -> N
 * [new tag]               ffmpeg-0.6.3 -> ffmpeg-0.6.3
 * [new tag]               n0.10        -> n0.10
 * [new tag]               n0.10.1      -> n0.10.1
 * [new tag]               n0.10.10     -> n0.10.10
 * [new tag]               n0.10.11     -> n0.10.11
 * [new tag]               n0.10.12     -> n0.10.12
 * [new tag]               n0.10.13     -> n0.10.13
 * [new tag]               n0.10.14     -> n0.10.14
 * [new tag]               n0.10.15     -> n0.10.15
 * [new tag]               n0.10.16     -> n0.10.16
 * [new tag]               n0.10.2      -> n0.10.2
 * [new tag]               n0.10.3      -> n0.10.3
 * [new tag]               n0.10.4      -> n0.10.4
 * [new tag]               n0.10.5      -> n0.10.5
 * [new tag]               n0.10.6      -> n0.10.6
 * [new tag]               n0.10.7      -> n0.10.7
 * [new tag]               n0.10.8      -> n0.10.8
 * [new tag]               n0.10.9      -> n0.10.9
 * [new tag]               n0.11        -> n0.11
 * [new tag]               n0.11-dev    -> n0.11-dev
 * [new tag]               n0.11.1      -> n0.11.1
 * [new tag]               n0.11.2      -> n0.11.2
 * [new tag]               n0.11.3      -> n0.11.3
 * [new tag]               n0.11.4      -> n0.11.4
 * [new tag]               n0.11.5      -> n0.11.5
 * [new tag]               n0.12-dev    -> n0.12-dev
 * [new tag]               n0.5.10      -> n0.5.10
 * [new tag]               n0.5.11      -> n0.5.11
 * [new tag]               n0.5.12      -> n0.5.12
 * [new tag]               n0.5.13      -> n0.5.13
 * [new tag]               n0.5.14      -> n0.5.14
 * [new tag]               n0.5.15      -> n0.5.15
 * [new tag]               n0.5.5       -> n0.5.5
 * [new tag]               n0.5.6       -> n0.5.6
 * [new tag]               n0.5.7       -> n0.5.7
 * [new tag]               n0.5.8       -> n0.5.8
 * [new tag]               n0.5.9       -> n0.5.9
 * [new tag]               n0.6.4       -> n0.6.4
 * [new tag]               n0.6.5       -> n0.6.5
 * [new tag]               n0.6.6       -> n0.6.6
 * [new tag]               n0.6.7       -> n0.6.7
 * [new tag]               n0.7.1       -> n0.7.1
 * [new tag]               n0.7.10      -> n0.7.10
 * [new tag]               n0.7.11      -> n0.7.11
 * [new tag]               n0.7.12      -> n0.7.12
 * [new tag]               n0.7.13      -> n0.7.13
 * [new tag]               n0.7.14      -> n0.7.14
 * [new tag]               n0.7.15      -> n0.7.15
 * [new tag]               n0.7.16      -> n0.7.16
 * [new tag]               n0.7.17      -> n0.7.17
 * [new tag]               n0.7.2       -> n0.7.2
 * [new tag]               n0.7.3       -> n0.7.3
 * [new tag]               n0.7.4       -> n0.7.4
 * [new tag]               n0.7.5       -> n0.7.5
 * [new tag]               n0.7.6       -> n0.7.6
 * [new tag]               n0.7.7       -> n0.7.7
 * [new tag]               n0.7.8       -> n0.7.8
 * [new tag]               n0.7.9       -> n0.7.9
 * [new tag]               n0.8         -> n0.8
 * [new tag]               n0.8.1       -> n0.8.1
 * [new tag]               n0.8.10      -> n0.8.10
 * [new tag]               n0.8.11      -> n0.8.11
 * [new tag]               n0.8.12      -> n0.8.12
 * [new tag]               n0.8.13      -> n0.8.13
 * [new tag]               n0.8.14      -> n0.8.14
 * [new tag]               n0.8.15      -> n0.8.15
 * [new tag]               n0.8.2       -> n0.8.2
 * [new tag]               n0.8.3       -> n0.8.3
 * [new tag]               n0.8.4       -> n0.8.4
 * [new tag]               n0.8.5       -> n0.8.5
 * [new tag]               n0.8.6       -> n0.8.6
 * [new tag]               n0.8.7       -> n0.8.7
 * [new tag]               n0.8.8       -> n0.8.8
 * [new tag]               n0.8.9       -> n0.8.9
 * [new tag]               n0.9         -> n0.9
 * [new tag]               n0.9.1       -> n0.9.1
 * [new tag]               n0.9.2       -> n0.9.2
 * [new tag]               n0.9.3       -> n0.9.3
 * [new tag]               n0.9.4       -> n0.9.4
 * [new tag]               n1.0         -> n1.0
 * [new tag]               n1.0.1       -> n1.0.1
 * [new tag]               n1.0.10      -> n1.0.10
 * [new tag]               n1.0.2       -> n1.0.2
 * [new tag]               n1.0.3       -> n1.0.3
 * [new tag]               n1.0.4       -> n1.0.4
 * [new tag]               n1.0.5       -> n1.0.5
 * [new tag]               n1.0.6       -> n1.0.6
 * [new tag]               n1.0.7       -> n1.0.7
 * [new tag]               n1.0.8       -> n1.0.8
 * [new tag]               n1.0.9       -> n1.0.9
 * [new tag]               n1.1         -> n1.1
 * [new tag]               n1.1-dev     -> n1.1-dev
 * [new tag]               n1.1.1       -> n1.1.1
 * [new tag]               n1.1.10      -> n1.1.10
 * [new tag]               n1.1.11      -> n1.1.11
 * [new tag]               n1.1.12      -> n1.1.12
 * [new tag]               n1.1.13      -> n1.1.13
 * [new tag]               n1.1.14      -> n1.1.14
 * [new tag]               n1.1.15      -> n1.1.15
 * [new tag]               n1.1.16      -> n1.1.16
 * [new tag]               n1.1.2       -> n1.1.2
 * [new tag]               n1.1.3       -> n1.1.3
 * [new tag]               n1.1.4       -> n1.1.4
 * [new tag]               n1.1.5       -> n1.1.5
 * [new tag]               n1.1.6       -> n1.1.6
 * [new tag]               n1.1.7       -> n1.1.7
 * [new tag]               n1.1.8       -> n1.1.8
 * [new tag]               n1.1.9       -> n1.1.9
 * [new tag]               n1.2         -> n1.2
 * [new tag]               n1.2-dev     -> n1.2-dev
 * [new tag]               n1.2.1       -> n1.2.1
 * [new tag]               n1.2.10      -> n1.2.10
 * [new tag]               n1.2.11      -> n1.2.11
 * [new tag]               n1.2.12      -> n1.2.12
 * [new tag]               n1.2.2       -> n1.2.2
 * [new tag]               n1.2.3       -> n1.2.3
 * [new tag]               n1.2.4       -> n1.2.4
 * [new tag]               n1.2.5       -> n1.2.5
 * [new tag]               n1.2.6       -> n1.2.6
 * [new tag]               n1.2.7       -> n1.2.7
 * [new tag]               n1.2.8       -> n1.2.8
 * [new tag]               n1.2.9       -> n1.2.9
 * [new tag]               n1.3-dev     -> n1.3-dev
 * [new tag]               n2.0         -> n2.0
 * [new tag]               n2.0.1       -> n2.0.1
 * [new tag]               n2.0.2       -> n2.0.2
 * [new tag]               n2.0.3       -> n2.0.3
 * [new tag]               n2.0.4       -> n2.0.4
 * [new tag]               n2.0.5       -> n2.0.5
 * [new tag]               n2.0.6       -> n2.0.6
 * [new tag]               n2.0.7       -> n2.0.7
 * [new tag]               n2.1         -> n2.1
 * [new tag]               n2.1-dev     -> n2.1-dev
 * [new tag]               n2.1.1       -> n2.1.1
 * [new tag]               n2.1.2       -> n2.1.2
 * [new tag]               n2.1.3       -> n2.1.3
 * [new tag]               n2.1.4       -> n2.1.4
 * [new tag]               n2.1.5       -> n2.1.5
 * [new tag]               n2.1.6       -> n2.1.6
 * [new tag]               n2.1.7       -> n2.1.7
 * [new tag]               n2.1.8       -> n2.1.8
 * [new tag]               n2.2         -> n2.2
 * [new tag]               n2.2-dev     -> n2.2-dev
 * [new tag]               n2.2-rc1     -> n2.2-rc1
 * [new tag]               n2.2-rc2     -> n2.2-rc2
 * [new tag]               n2.2.1       -> n2.2.1
 * [new tag]               n2.2.10      -> n2.2.10
 * [new tag]               n2.2.11      -> n2.2.11
 * [new tag]               n2.2.12      -> n2.2.12
 * [new tag]               n2.2.13      -> n2.2.13
 * [new tag]               n2.2.14      -> n2.2.14
 * [new tag]               n2.2.15      -> n2.2.15
 * [new tag]               n2.2.16      -> n2.2.16
 * [new tag]               n2.2.2       -> n2.2.2
 * [new tag]               n2.2.3       -> n2.2.3
 * [new tag]               n2.2.4       -> n2.2.4
 * [new tag]               n2.2.5       -> n2.2.5
 * [new tag]               n2.2.6       -> n2.2.6
 * [new tag]               n2.2.7       -> n2.2.7
 * [new tag]               n2.2.8       -> n2.2.8
 * [new tag]               n2.2.9       -> n2.2.9
 * [new tag]               n2.3         -> n2.3
 * [new tag]               n2.3-dev     -> n2.3-dev
 * [new tag]               n2.3.1       -> n2.3.1
 * [new tag]               n2.3.2       -> n2.3.2
 * [new tag]               n2.3.3       -> n2.3.3
 * [new tag]               n2.3.4       -> n2.3.4
 * [new tag]               n2.3.5       -> n2.3.5
 * [new tag]               n2.3.6       -> n2.3.6
 * [new tag]               n2.4         -> n2.4
 * [new tag]               n2.4-dev     -> n2.4-dev
 * [new tag]               n2.4.1       -> n2.4.1
 * [new tag]               n2.4.10      -> n2.4.10
 * [new tag]               n2.4.11      -> n2.4.11
 * [new tag]               n2.4.12      -> n2.4.12
 * [new tag]               n2.4.13      -> n2.4.13
 * [new tag]               n2.4.14      -> n2.4.14
 * [new tag]               n2.4.2       -> n2.4.2
 * [new tag]               n2.4.3       -> n2.4.3
 * [new tag]               n2.4.4       -> n2.4.4
 * [new tag]               n2.4.5       -> n2.4.5
 * [new tag]               n2.4.6       -> n2.4.6
 * [new tag]               n2.4.7       -> n2.4.7
 * [new tag]               n2.4.8       -> n2.4.8
 * [new tag]               n2.4.9       -> n2.4.9
 * [new tag]               n2.5         -> n2.5
 * [new tag]               n2.5-dev     -> n2.5-dev
 * [new tag]               n2.5.1       -> n2.5.1
 * [new tag]               n2.5.10      -> n2.5.10
 * [new tag]               n2.5.11      -> n2.5.11
 * [new tag]               n2.5.2       -> n2.5.2
 * [new tag]               n2.5.3       -> n2.5.3
 * [new tag]               n2.5.4       -> n2.5.4
 * [new tag]               n2.5.5       -> n2.5.5
 * [new tag]               n2.5.6       -> n2.5.6
 * [new tag]               n2.5.7       -> n2.5.7
 * [new tag]               n2.5.8       -> n2.5.8
 * [new tag]               n2.5.9       -> n2.5.9
 * [new tag]               n2.6         -> n2.6
 * [new tag]               n2.6-dev     -> n2.6-dev
 * [new tag]               n2.6.1       -> n2.6.1
 * [new tag]               n2.6.2       -> n2.6.2
 * [new tag]               n2.6.3       -> n2.6.3
 * [new tag]               n2.6.4       -> n2.6.4
 * [new tag]               n2.6.5       -> n2.6.5
 * [new tag]               n2.6.6       -> n2.6.6
 * [new tag]               n2.6.7       -> n2.6.7
 * [new tag]               n2.6.8       -> n2.6.8
 * [new tag]               n2.6.9       -> n2.6.9
 * [new tag]               n2.7         -> n2.7
 * [new tag]               n2.7-dev     -> n2.7-dev
 * [new tag]               n2.7.1       -> n2.7.1
 * [new tag]               n2.7.2       -> n2.7.2
 * [new tag]               n2.7.3       -> n2.7.3
 * [new tag]               n2.7.4       -> n2.7.4
 * [new tag]               n2.7.5       -> n2.7.5
 * [new tag]               n2.7.6       -> n2.7.6
 * [new tag]               n2.7.7       -> n2.7.7
 * [new tag]               n2.8         -> n2.8
 * [new tag]               n2.8-dev     -> n2.8-dev
 * [new tag]               n2.8.1       -> n2.8.1
 * [new tag]               n2.8.10      -> n2.8.10
 * [new tag]               n2.8.11      -> n2.8.11
 * [new tag]               n2.8.12      -> n2.8.12
 * [new tag]               n2.8.13      -> n2.8.13
 * [new tag]               n2.8.14      -> n2.8.14
 * [new tag]               n2.8.15      -> n2.8.15
 * [new tag]               n2.8.16      -> n2.8.16
 * [new tag]               n2.8.17      -> n2.8.17
 * [new tag]               n2.8.18      -> n2.8.18
 * [new tag]               n2.8.19      -> n2.8.19
 * [new tag]               n2.8.2       -> n2.8.2
 * [new tag]               n2.8.20      -> n2.8.20
 * [new tag]               n2.8.21      -> n2.8.21
 * [new tag]               n2.8.3       -> n2.8.3
 * [new tag]               n2.8.4       -> n2.8.4
 * [new tag]               n2.8.5       -> n2.8.5
 * [new tag]               n2.8.6       -> n2.8.6
 * [new tag]               n2.8.7       -> n2.8.7
 * [new tag]               n2.8.8       -> n2.8.8
 * [new tag]               n2.8.9       -> n2.8.9
 * [new tag]               n2.9-dev     -> n2.9-dev
 * [new tag]               n3.0         -> n3.0
 * [new tag]               n3.0.1       -> n3.0.1
 * [new tag]               n3.0.10      -> n3.0.10
 * [new tag]               n3.0.11      -> n3.0.11
 * [new tag]               n3.0.12      -> n3.0.12
 * [new tag]               n3.0.2       -> n3.0.2
 * [new tag]               n3.0.3       -> n3.0.3
 * [new tag]               n3.0.4       -> n3.0.4
 * [new tag]               n3.0.5       -> n3.0.5
 * [new tag]               n3.0.6       -> n3.0.6
 * [new tag]               n3.0.7       -> n3.0.7
 * [new tag]               n3.0.8       -> n3.0.8
 * [new tag]               n3.0.9       -> n3.0.9
 * [new tag]               n3.1         -> n3.1
 * [new tag]               n3.1-dev     -> n3.1-dev
 * [new tag]               n3.1.1       -> n3.1.1
 * [new tag]               n3.1.10      -> n3.1.10
 * [new tag]               n3.1.11      -> n3.1.11
 * [new tag]               n3.1.2       -> n3.1.2
 * [new tag]               n3.1.3       -> n3.1.3
 * [new tag]               n3.1.4       -> n3.1.4
 * [new tag]               n3.1.5       -> n3.1.5
 * [new tag]               n3.1.6       -> n3.1.6
 * [new tag]               n3.1.7       -> n3.1.7
 * [new tag]               n3.1.8       -> n3.1.8
 * [new tag]               n3.1.9       -> n3.1.9
 * [new tag]               n3.2         -> n3.2
 * [new tag]               n3.2-dev     -> n3.2-dev
 * [new tag]               n3.2.1       -> n3.2.1
 * [new tag]               n3.2.10      -> n3.2.10
 * [new tag]               n3.2.11      -> n3.2.11
 * [new tag]               n3.2.12      -> n3.2.12
 * [new tag]               n3.2.13      -> n3.2.13
 * [new tag]               n3.2.14      -> n3.2.14
 * [new tag]               n3.2.15      -> n3.2.15
 * [new tag]               n3.2.16      -> n3.2.16
 * [new tag]               n3.2.17      -> n3.2.17
 * [new tag]               n3.2.18      -> n3.2.18
 * [new tag]               n3.2.19      -> n3.2.19
 * [new tag]               n3.2.2       -> n3.2.2
 * [new tag]               n3.2.3       -> n3.2.3
 * [new tag]               n3.2.4       -> n3.2.4
 * [new tag]               n3.2.5       -> n3.2.5
 * [new tag]               n3.2.6       -> n3.2.6
 * [new tag]               n3.2.7       -> n3.2.7
 * [new tag]               n3.2.8       -> n3.2.8
 * [new tag]               n3.2.9       -> n3.2.9
 * [new tag]               n3.3         -> n3.3
 * [new tag]               n3.3-dev     -> n3.3-dev
 * [new tag]               n3.3.1       -> n3.3.1
 * [new tag]               n3.3.2       -> n3.3.2
 * [new tag]               n3.3.3       -> n3.3.3
 * [new tag]               n3.3.4       -> n3.3.4
 * [new tag]               n3.3.5       -> n3.3.5
 * [new tag]               n3.3.6       -> n3.3.6
 * [new tag]               n3.3.7       -> n3.3.7
 * [new tag]               n3.3.8       -> n3.3.8
 * [new tag]               n3.3.9       -> n3.3.9
 * [new tag]               n3.4         -> n3.4
 * [new tag]               n3.4-dev     -> n3.4-dev
 * [new tag]               n3.4.1       -> n3.4.1
 * [new tag]               n3.4.10      -> n3.4.10
 * [new tag]               n3.4.11      -> n3.4.11
 * [new tag]               n3.4.12      -> n3.4.12
 * [new tag]               n3.4.2       -> n3.4.2
 * [new tag]               n3.4.3       -> n3.4.3
 * [new tag]               n3.4.4       -> n3.4.4
 * [new tag]               n3.4.5       -> n3.4.5
 * [new tag]               n3.4.6       -> n3.4.6
 * [new tag]               n3.4.7       -> n3.4.7
 * [new tag]               n3.4.8       -> n3.4.8
 * [new tag]               n3.4.9       -> n3.4.9
 * [new tag]               n3.5-dev     -> n3.5-dev
 * [new tag]               n4.0         -> n4.0
 * [new tag]               n4.0.1       -> n4.0.1
 * [new tag]               n4.0.2       -> n4.0.2
 * [new tag]               n4.0.3       -> n4.0.3
 * [new tag]               n4.0.4       -> n4.0.4
 * [new tag]               n4.0.5       -> n4.0.5
 * [new tag]               n4.0.6       -> n4.0.6
 * [new tag]               n4.1         -> n4.1
 * [new tag]               n4.1-dev     -> n4.1-dev
 * [new tag]               n4.1.1       -> n4.1.1
 * [new tag]               n4.1.10      -> n4.1.10
 * [new tag]               n4.1.2       -> n4.1.2
 * [new tag]               n4.1.3       -> n4.1.3
 * [new tag]               n4.1.4       -> n4.1.4
 * [new tag]               n4.1.5       -> n4.1.5
 * [new tag]               n4.1.6       -> n4.1.6
 * [new tag]               n4.1.7       -> n4.1.7
 * [new tag]               n4.1.8       -> n4.1.8
 * [new tag]               n4.1.9       -> n4.1.9
 * [new tag]               n4.2         -> n4.2
 * [new tag]               n4.2-dev     -> n4.2-dev
 * [new tag]               n4.2.1       -> n4.2.1
 * [new tag]               n4.2.2       -> n4.2.2
 * [new tag]               n4.2.3       -> n4.2.3
 * [new tag]               n4.2.4       -> n4.2.4
 * [new tag]               n4.2.5       -> n4.2.5
 * [new tag]               n4.2.6       -> n4.2.6
 * [new tag]               n4.2.7       -> n4.2.7
 * [new tag]               n4.2.8       -> n4.2.8
 * [new tag]               n4.3         -> n4.3
 * [new tag]               n4.3-dev     -> n4.3-dev
 * [new tag]               n4.3.1       -> n4.3.1
 * [new tag]               n4.3.2       -> n4.3.2
 * [new tag]               n4.3.3       -> n4.3.3
 * [new tag]               n4.3.4       -> n4.3.4
 * [new tag]               n4.3.5       -> n4.3.5
 * [new tag]               n4.4         -> n4.4
 * [new tag]               n4.4-dev     -> n4.4-dev
 * [new tag]               n4.4.1       -> n4.4.1
 * [new tag]               n4.4.2       -> n4.4.2
 * [new tag]               n4.4.3       -> n4.4.3
 * [new tag]               n4.5-dev     -> n4.5-dev
 * [new tag]               n5.0         -> n5.0
 * [new tag]               n5.0.1       -> n5.0.1
 * [new tag]               n5.0.2       -> n5.0.2
 * [new tag]               n5.1         -> n5.1
 * [new tag]               n5.1-dev     -> n5.1-dev
 * [new tag]               n5.1.1       -> n5.1.1
 * [new tag]               n5.1.2       -> n5.1.2
 * [new tag]               n5.2-dev     -> n5.2-dev
 * [new tag]               v0.5         -> v0.5
 * [new tag]               v0.5.1       -> v0.5.1
 * [new tag]               v0.5.2       -> v0.5.2
 * [new tag]               v0.5.3       -> v0.5.3
 * [new tag]               v0.6         -> v0.6
 * [new tag]               v0.6.1       -> v0.6.1
+ git remote set-head -a origin
origin/HEAD set to ab-suite
