CPPFLAGS: -D_FORTIFY_SOURCE=0 -D__USE_MINGW_ANSI_STDIO=1
CFLAGS: -mthreads -mtune=generic -O2 -pipe
CXXFLAGS: -mthreads -mtune=generic -O2 -pipe
LDFLAGS: -pipe -static-libgcc -static-libstdc++
make -j4 install
INSTALL	doc/ffmpeg.html
INSTALL	doc/ffplay.html
INSTALL	doc/ffprobe.html
INSTALL	doc/ffmpeg-all.html
INSTALL	doc/ffplay-all.html
INSTALL	doc/ffprobe-all.html
INSTALL	doc/ffmpeg-utils.html
INSTALL	doc/ffmpeg-scaler.html
INSTALL	doc/ffmpeg-resampler.html
INSTALL	doc/ffmpeg-codecs.html
INSTALL	doc/ffmpeg-bitstream-filters.html
INSTALL	doc/ffmpeg-formats.html
INSTALL	doc/ffmpeg-protocols.html
INSTALL	doc/ffmpeg-devices.html
INSTALL	doc/ffmpeg-filters.html
INSTALL	doc/libavutil.html
INSTALL	doc/libswscale.html
INSTALL	doc/libswresample.html
INSTALL	doc/libavcodec.html
INSTALL	doc/libavformat.html
INSTALL	doc/libavdevice.html
INSTALL	doc/libavfilter.html
INSTALL	doc/developer.html
INSTALL	doc/faq.html
INSTALL	doc/fate.html
INSTALL	doc/general.html
INSTALL	doc/git-howto.html
INSTALL	doc/mailing-list-faq.html
INSTALL	doc/nut.html
INSTALL	doc/platform.html
INSTALL	build/FFmpeg-git/doc/bootstrap.min.css
INSTALL	build/FFmpeg-git/doc/style.min.css
INSTALL	build/FFmpeg-git/doc/default.css
INSTALL	doc/ffmpeg.1
INSTALL	doc/ffplay.1
INSTALL	doc/ffprobe.1
INSTALL	doc/ffmpeg-all.1
INSTALL	doc/ffplay-all.1
INSTALL	doc/ffprobe-all.1
INSTALL	doc/ffmpeg-utils.1
INSTALL	doc/ffmpeg-scaler.1
INSTALL	doc/ffmpeg-resampler.1
INSTALL	doc/ffmpeg-codecs.1
INSTALL	doc/ffmpeg-bitstream-filters.1
INSTALL	doc/ffmpeg-formats.1
INSTALL	doc/ffmpeg-protocols.1
INSTALL	doc/ffmpeg-devices.1
INSTALL	doc/ffmpeg-filters.1
INSTALL	doc/libavutil.3
INSTALL	doc/libswscale.3
INSTALL	doc/libswresample.3
INSTALL	doc/libavcodec.3
INSTALL	doc/libavformat.3
INSTALL	doc/libavdevice.3
INSTALL	doc/libavfilter.3
INSTALL	build/FFmpeg-git/presets/libvpx-1080p.ffpreset
INSTALL	build/FFmpeg-git/presets/libvpx-1080p50_60.ffpreset
INSTALL	build/FFmpeg-git/presets/libvpx-360p.ffpreset
INSTALL	build/FFmpeg-git/presets/libvpx-720p.ffpreset
INSTALL	build/FFmpeg-git/presets/libvpx-720p50_60.ffpreset
INSTALL	build/FFmpeg-git/doc/ffprobe.xsd
INSTALL	build/FFmpeg-git/doc/examples/avio_list_dir.c
INSTALL	build/FFmpeg-git/doc/examples/avio_reading.c
INSTALL	build/FFmpeg-git/doc/examples/decode_audio.c
INSTALL	build/FFmpeg-git/doc/examples/decode_video.c
INSTALL	build/FFmpeg-git/doc/examples/demuxing_decoding.c
INSTALL	build/FFmpeg-git/doc/examples/encode_audio.c
INSTALL	build/FFmpeg-git/doc/examples/encode_video.c
INSTALL	build/FFmpeg-git/doc/examples/extract_mvs.c
INSTALL	build/FFmpeg-git/doc/examples/filter_audio.c
INSTALL	build/FFmpeg-git/doc/examples/filtering_audio.c
INSTALL	build/FFmpeg-git/doc/examples/filtering_video.c
INSTALL	build/FFmpeg-git/doc/examples/http_multiclient.c
INSTALL	build/FFmpeg-git/doc/examples/hw_decode.c
INSTALL	build/FFmpeg-git/doc/examples/metadata.c
INSTALL	build/FFmpeg-git/doc/examples/muxing.c
INSTALL	build/FFmpeg-git/doc/examples/qsv_transcode.c
INSTALL	build/FFmpeg-git/doc/examples/qsvdec.c
INSTALL	build/FFmpeg-git/doc/examples/remuxing.c
INSTALL	build/FFmpeg-git/doc/examples/resampling_audio.c
INSTALL	build/FFmpeg-git/doc/examples/scaling_video.c
INSTALL	build/FFmpeg-git/doc/examples/transcode_aac.c
INSTALL	build/FFmpeg-git/doc/examples/transcoding.c
INSTALL	build/FFmpeg-git/doc/examples/vaapi_encode.c
INSTALL	build/FFmpeg-git/doc/examples/vaapi_transcode.c
INSTALL	build/FFmpeg-git/doc/examples/README
INSTALL	build/FFmpeg-git/doc/examples/Makefile
INSTALL	doc/ffmpeg.1
INSTALL	doc/ffplay.1
INSTALL	doc/ffprobe.1
INSTALL	doc/ffmpeg-all.1
INSTALL	doc/ffplay-all.1
INSTALL	doc/ffprobe-all.1
INSTALL	doc/ffmpeg-utils.1
INSTALL	doc/ffmpeg-scaler.1
INSTALL	doc/ffmpeg-resampler.1
INSTALL	doc/ffmpeg-codecs.1
INSTALL	doc/ffmpeg-bitstream-filters.1
INSTALL	doc/ffmpeg-formats.1
INSTALL	doc/ffmpeg-protocols.1
INSTALL	doc/ffmpeg-devices.1
INSTALL	doc/ffmpeg-filters.1
INSTALL	doc/libavutil.3
INSTALL	doc/libswscale.3
INSTALL	doc/libswresample.3
INSTALL	doc/libavcodec.3
INSTALL	doc/libavformat.3
INSTALL	doc/libavdevice.3
INSTALL	doc/libavfilter.3
INSTALL	libavdevice/libavdevice.a
INSTALL	build/FFmpeg-git/doc/examples/avio_list_dir.c
INSTALL	build/FFmpeg-git/doc/examples/avio_reading.c
INSTALL	build/FFmpeg-git/doc/examples/decode_audio.c
INSTALL	build/FFmpeg-git/doc/examples/decode_video.c
INSTALL	build/FFmpeg-git/doc/examples/demuxing_decoding.c
INSTALL	build/FFmpeg-git/doc/examples/encode_audio.c
INSTALL	build/FFmpeg-git/doc/examples/encode_video.c
INSTALL	build/FFmpeg-git/doc/examples/extract_mvs.c
INSTALL	build/FFmpeg-git/doc/examples/filter_audio.c
INSTALL	build/FFmpeg-git/doc/examples/filtering_audio.c
INSTALL	build/FFmpeg-git/doc/examples/filtering_video.c
INSTALL	build/FFmpeg-git/doc/examples/http_multiclient.c
INSTALL	build/FFmpeg-git/doc/examples/hw_decode.c
INSTALL	build/FFmpeg-git/doc/examples/metadata.c
INSTALL	build/FFmpeg-git/doc/examples/muxing.c
INSTALL	build/FFmpeg-git/doc/examples/qsv_transcode.c
INSTALL	build/FFmpeg-git/doc/examples/qsvdec.c
INSTALL	build/FFmpeg-git/doc/examples/remuxing.c
INSTALL	build/FFmpeg-git/doc/examples/resampling_audio.c
INSTALL	build/FFmpeg-git/doc/examples/scaling_video.c
INSTALL	build/FFmpeg-git/doc/examples/transcode_aac.c
INSTALL	build/FFmpeg-git/doc/examples/transcoding.c
INSTALL	build/FFmpeg-git/doc/examples/vaapi_encode.c
INSTALL	build/FFmpeg-git/doc/examples/vaapi_transcode.c
INSTALL	build/FFmpeg-git/doc/examples/README
INSTALL	build/FFmpeg-git/doc/examples/Makefile
INSTALL	libavfilter/libavfilter.a
INSTALL	libavformat/libavformat.a
INSTALL	libavcodec/libavcodec.a
INSTALL	libpostproc/libpostproc.a
INSTALL	libswresample/libswresample.a
INSTALL	libswscale/libswscale.a
INSTALL	libavutil/libavutil.a
INSTALL	build/FFmpeg-git/libavdevice/avdevice.h
INSTALL	build/FFmpeg-git/libavdevice/version.h
INSTALL	build/FFmpeg-git/libavdevice/version_major.h
INSTALL	libavdevice/libavdevice.pc
INSTALL	build/FFmpeg-git/libavfilter/avfilter.h
INSTALL	build/FFmpeg-git/libavfilter/buffersink.h
INSTALL	build/FFmpeg-git/libavfilter/buffersrc.h
INSTALL	build/FFmpeg-git/libavfilter/version.h
INSTALL	build/FFmpeg-git/libavfilter/version_major.h
INSTALL	build/FFmpeg-git/libavformat/avformat.h
INSTALL	build/FFmpeg-git/libavformat/avio.h
INSTALL	build/FFmpeg-git/libavformat/version.h
INSTALL	build/FFmpeg-git/libavformat/version_major.h
INSTALL	libavformat/libavformat.pc
INSTALL	libavfilter/libavfilter.pc
INSTALL	build/FFmpeg-git/libavcodec/ac3_parser.h
INSTALL	build/FFmpeg-git/libavcodec/adts_parser.h
INSTALL	build/FFmpeg-git/libavcodec/avcodec.h
INSTALL	build/FFmpeg-git/libavcodec/avdct.h
INSTALL	build/FFmpeg-git/libavcodec/avfft.h
INSTALL	build/FFmpeg-git/libavcodec/bsf.h
INSTALL	build/FFmpeg-git/libavcodec/codec.h
INSTALL	build/FFmpeg-git/libavcodec/codec_desc.h
INSTALL	build/FFmpeg-git/libavcodec/codec_id.h
INSTALL	build/FFmpeg-git/libavcodec/codec_par.h
INSTALL	build/FFmpeg-git/libavcodec/d3d11va.h
INSTALL	build/FFmpeg-git/libavcodec/defs.h
INSTALL	build/FFmpeg-git/libavcodec/dirac.h
INSTALL	build/FFmpeg-git/libavcodec/dv_profile.h
INSTALL	build/FFmpeg-git/libavcodec/dxva2.h
INSTALL	build/FFmpeg-git/libavcodec/jni.h
INSTALL	build/FFmpeg-git/libavcodec/mediacodec.h
INSTALL	build/FFmpeg-git/libavcodec/packet.h
INSTALL	build/FFmpeg-git/libavcodec/qsv.h
INSTALL	build/FFmpeg-git/libavcodec/vdpau.h
INSTALL	build/FFmpeg-git/libavcodec/version.h
INSTALL	build/FFmpeg-git/libavcodec/version_major.h
INSTALL	build/FFmpeg-git/libavcodec/videotoolbox.h
INSTALL	build/FFmpeg-git/libavcodec/vorbis_parser.h
INSTALL	build/FFmpeg-git/libavcodec/xvmc.h
INSTALL	libavcodec/libavcodec.pc
INSTALL	build/FFmpeg-git/libpostproc/postprocess.h
INSTALL	build/FFmpeg-git/libpostproc/version.h
INSTALL	build/FFmpeg-git/libpostproc/version_major.h
INSTALL	libpostproc/libpostproc.pc
INSTALL	build/FFmpeg-git/libswresample/swresample.h
INSTALL	build/FFmpeg-git/libswresample/version.h
INSTALL	build/FFmpeg-git/libswresample/version_major.h
INSTALL	libswscale/libswscale.pc
INSTALL	libswresample/libswresample.pc
INSTALL	build/FFmpeg-git/libswscale/swscale.h
INSTALL	build/FFmpeg-git/libswscale/version.h
INSTALL	build/FFmpeg-git/libswscale/version_major.h
INSTALL	build/FFmpeg-git/libavutil/adler32.h
INSTALL	build/FFmpeg-git/libavutil/aes.h
INSTALL	build/FFmpeg-git/libavutil/aes_ctr.h
INSTALL	build/FFmpeg-git/libavutil/ambient_viewing_environment.h
INSTALL	build/FFmpeg-git/libavutil/attributes.h
INSTALL	build/FFmpeg-git/libavutil/audio_fifo.h
INSTALL	build/FFmpeg-git/libavutil/avassert.h
INSTALL	build/FFmpeg-git/libavutil/avstring.h
INSTALL	build/FFmpeg-git/libavutil/avutil.h
INSTALL	build/FFmpeg-git/libavutil/base64.h
INSTALL	build/FFmpeg-git/libavutil/blowfish.h
INSTALL	build/FFmpeg-git/libavutil/bprint.h
INSTALL	build/FFmpeg-git/libavutil/bswap.h
INSTALL	build/FFmpeg-git/libavutil/buffer.h
INSTALL	build/FFmpeg-git/libavutil/cast5.h
INSTALL	build/FFmpeg-git/libavutil/camellia.h
INSTALL	build/FFmpeg-git/libavutil/channel_layout.h
INSTALL	build/FFmpeg-git/libavutil/common.h
INSTALL	build/FFmpeg-git/libavutil/cpu.h
INSTALL	build/FFmpeg-git/libavutil/crc.h
INSTALL	build/FFmpeg-git/libavutil/csp.h
INSTALL	build/FFmpeg-git/libavutil/des.h
INSTALL	build/FFmpeg-git/libavutil/detection_bbox.h
INSTALL	build/FFmpeg-git/libavutil/dict.h
INSTALL	build/FFmpeg-git/libavutil/display.h
INSTALL	build/FFmpeg-git/libavutil/dovi_meta.h
INSTALL	build/FFmpeg-git/libavutil/downmix_info.h
INSTALL	build/FFmpeg-git/libavutil/encryption_info.h
INSTALL	build/FFmpeg-git/libavutil/error.h
INSTALL	build/FFmpeg-git/libavutil/eval.h
INSTALL	build/FFmpeg-git/libavutil/fifo.h
INSTALL	build/FFmpeg-git/libavutil/file.h
INSTALL	build/FFmpeg-git/libavutil/frame.h
INSTALL	build/FFmpeg-git/libavutil/hash.h
INSTALL	build/FFmpeg-git/libavutil/hdr_dynamic_metadata.h
INSTALL	build/FFmpeg-git/libavutil/hdr_dynamic_vivid_metadata.h
INSTALL	build/FFmpeg-git/libavutil/hmac.h
INSTALL	build/FFmpeg-git/libavutil/hwcontext.h
INSTALL	build/FFmpeg-git/libavutil/hwcontext_cuda.h
INSTALL	build/FFmpeg-git/libavutil/hwcontext_d3d11va.h
INSTALL	build/FFmpeg-git/libavutil/hwcontext_drm.h
INSTALL	build/FFmpeg-git/libavutil/hwcontext_dxva2.h
INSTALL	build/FFmpeg-git/libavutil/hwcontext_qsv.h
INSTALL	build/FFmpeg-git/libavutil/hwcontext_mediacodec.h
INSTALL	build/FFmpeg-git/libavutil/hwcontext_opencl.h
INSTALL	build/FFmpeg-git/libavutil/hwcontext_vaapi.h
INSTALL	build/FFmpeg-git/libavutil/hwcontext_videotoolbox.h
INSTALL	build/FFmpeg-git/libavutil/hwcontext_vdpau.h
INSTALL	build/FFmpeg-git/libavutil/hwcontext_vulkan.h
INSTALL	build/FFmpeg-git/libavutil/imgutils.h
INSTALL	build/FFmpeg-git/libavutil/intfloat.h
INSTALL	build/FFmpeg-git/libavutil/intreadwrite.h
INSTALL	build/FFmpeg-git/libavutil/lfg.h
INSTALL	build/FFmpeg-git/libavutil/log.h
INSTALL	build/FFmpeg-git/libavutil/lzo.h
INSTALL	build/FFmpeg-git/libavutil/macros.h
INSTALL	build/FFmpeg-git/libavutil/mathematics.h
INSTALL	build/FFmpeg-git/libavutil/mastering_display_metadata.h
INSTALL	build/FFmpeg-git/libavutil/md5.h
INSTALL	build/FFmpeg-git/libavutil/mem.h
INSTALL	build/FFmpeg-git/libavutil/motion_vector.h
INSTALL	build/FFmpeg-git/libavutil/murmur3.h
INSTALL	build/FFmpeg-git/libavutil/opt.h
INSTALL	build/FFmpeg-git/libavutil/parseutils.h
INSTALL	build/FFmpeg-git/libavutil/pixdesc.h
INSTALL	build/FFmpeg-git/libavutil/pixelutils.h
INSTALL	build/FFmpeg-git/libavutil/pixfmt.h
INSTALL	build/FFmpeg-git/libavutil/random_seed.h
INSTALL	build/FFmpeg-git/libavutil/rc4.h
INSTALL	build/FFmpeg-git/libavutil/rational.h
INSTALL	build/FFmpeg-git/libavutil/replaygain.h
INSTALL	build/FFmpeg-git/libavutil/ripemd.h
INSTALL	build/FFmpeg-git/libavutil/samplefmt.h
INSTALL	build/FFmpeg-git/libavutil/sha.h
INSTALL	build/FFmpeg-git/libavutil/sha512.h
INSTALL	build/FFmpeg-git/libavutil/spherical.h
INSTALL	build/FFmpeg-git/libavutil/stereo3d.h
INSTALL	build/FFmpeg-git/libavutil/threadmessage.h
INSTALL	build/FFmpeg-git/libavutil/time.h
INSTALL	build/FFmpeg-git/libavutil/timecode.h
INSTALL	build/FFmpeg-git/libavutil/timestamp.h
INSTALL	build/FFmpeg-git/libavutil/tree.h
INSTALL	build/FFmpeg-git/libavutil/twofish.h
INSTALL	build/FFmpeg-git/libavutil/uuid.h
INSTALL	build/FFmpeg-git/libavutil/version.h
INSTALL	build/FFmpeg-git/libavutil/video_enc_params.h
INSTALL	build/FFmpeg-git/libavutil/xtea.h
INSTALL	build/FFmpeg-git/libavutil/tea.h
INSTALL	build/FFmpeg-git/libavutil/tx.h
INSTALL	build/FFmpeg-git/libavutil/film_grain_params.h
INSTALL	libavutil/avconfig.h
INSTALL	libavutil/ffversion.h
INSTALL	libavutil/libavutil.pc
INSTALL	install-progs-yes
INSTALL	ffmpeg.exe
INSTALL	ffplay.exe
INSTALL	ffprobe.exe
